<?xml version="1.0" encoding="UTF-8"?>
<testng-results skipped="0" failed="0" total="1" passed="1">
  <reporter-output>
  </reporter-output>
  <suite name="My Sample Suite" duration-ms="15" started-at="2016-12-06T01:38:03Z" finished-at="2016-12-06T01:38:03Z">
    <groups>
    </groups>
    <test name="Learning testng ant jenkins github" duration-ms="15" started-at="2016-12-06T01:38:03Z" finished-at="2016-12-06T01:38:03Z">
      <class name="testcases.AppTest">
        <test-method status="PASS" signature="SampleTest()[pri:0, instance:testcases.AppTest@63e31ee]" name="SampleTest" duration-ms="0" started-at="2016-12-06T07:08:03Z" finished-at="2016-12-06T07:08:03Z">
          <reporter-output>
          </reporter-output>
        </test-method> <!-- SampleTest -->
      </class> <!-- testcases.AppTest -->
    </test> <!-- Learning testng ant jenkins github -->
  </suite> <!-- My Sample Suite -->
</testng-results>
